빌드 시작: 2018-11-27 오전 2:59:31
     1>2 노드의 "c:\Users\82109\documents\visual studio 2010\Projects\Homework3\Homework3\Homework3.vcxproj" 프로젝트(build 대상)입니다.
     1>InitializeBuildStatus:
         "Debug\Homework3.unsuccessfulbuild"에 연결(touching)하고 있습니다.
       ClCompile:
         C:\Program Files (x86)\Microsoft Visual Studio 10.0\VC\bin\CL.exe /c /ZI /nologo /W3 /WX- /Od /Oy- /D WIN32 /D _DEBUG /D _WINDOWS /D _UNICODE /D UNICODE /Gm /EHsc /RTC1 /MDd /GS /fp:precise /Zc:wchar_t /Zc:forScope /Fo"Debug\\" /Fd"Debug\vc100.pdb" /Gd /TP /analyze- /errorReport:prompt "transitive closure.cpp"
         transitive closure.cpp
     1>c:\users\82109\documents\visual studio 2010\projects\homework3\homework3\transitive closure.cpp(31): error C2057: 상수 식이 필요합니다.
     1>c:\users\82109\documents\visual studio 2010\projects\homework3\homework3\transitive closure.cpp(31): error C2466: 상수 크기 0의 배열을 할당할 수 없습니다.
     1>c:\users\82109\documents\visual studio 2010\projects\homework3\homework3\transitive closure.cpp(31): error C2057: 상수 식이 필요합니다.
     1>c:\users\82109\documents\visual studio 2010\projects\homework3\homework3\transitive closure.cpp(31): error C2466: 상수 크기 0의 배열을 할당할 수 없습니다.
     1>c:\users\82109\documents\visual studio 2010\projects\homework3\homework3\transitive closure.cpp(31): error C2087: 'd' : 첨자가 없습니다.
     1>c:\users\82109\documents\visual studio 2010\projects\homework3\homework3\transitive closure.cpp(31): error C2133: 'd' : 알 수 없는 크기입니다.
     1>c:\users\82109\documents\visual studio 2010\projects\homework3\homework3\transitive closure.cpp(61): error C2057: 상수 식이 필요합니다.
     1>c:\users\82109\documents\visual studio 2010\projects\homework3\homework3\transitive closure.cpp(61): error C2466: 상수 크기 0의 배열을 할당할 수 없습니다.
     1>c:\users\82109\documents\visual studio 2010\projects\homework3\homework3\transitive closure.cpp(61): error C2057: 상수 식이 필요합니다.
     1>c:\users\82109\documents\visual studio 2010\projects\homework3\homework3\transitive closure.cpp(61): error C2466: 상수 크기 0의 배열을 할당할 수 없습니다.
     1>c:\users\82109\documents\visual studio 2010\projects\homework3\homework3\transitive closure.cpp(61): error C2087: 'e' : 첨자가 없습니다.
     1>c:\users\82109\documents\visual studio 2010\projects\homework3\homework3\transitive closure.cpp(61): error C2133: 'e' : 알 수 없는 크기입니다.
     1>c:\users\82109\documents\visual studio 2010\projects\homework3\homework3\transitive closure.cpp(90): error C2057: 상수 식이 필요합니다.
     1>c:\users\82109\documents\visual studio 2010\projects\homework3\homework3\transitive closure.cpp(90): error C2466: 상수 크기 0의 배열을 할당할 수 없습니다.
     1>c:\users\82109\documents\visual studio 2010\projects\homework3\homework3\transitive closure.cpp(90): error C2057: 상수 식이 필요합니다.
     1>c:\users\82109\documents\visual studio 2010\projects\homework3\homework3\transitive closure.cpp(90): error C2466: 상수 크기 0의 배열을 할당할 수 없습니다.
     1>c:\users\82109\documents\visual studio 2010\projects\homework3\homework3\transitive closure.cpp(90): error C2087: 'f' : 첨자가 없습니다.
     1>c:\users\82109\documents\visual studio 2010\projects\homework3\homework3\transitive closure.cpp(90): error C2133: 'f' : 알 수 없는 크기입니다.
     1>"c:\Users\82109\documents\visual studio 2010\Projects\Homework3\Homework3\Homework3.vcxproj" 프로젝트를 빌드했습니다(build 대상). - 실패

빌드하지 못했습니다.

경과 시간: 00:00:00.58
