빌드 시작: 2019-03-26 오후 2:51:02
     1>2 노드의 "c:\Users\82109\documents\visual studio 2010\Projects\brain\brain\brain.vcxproj" 프로젝트(build 대상)입니다.
     1>InitializeBuildStatus:
         "Debug\brain.unsuccessfulbuild"에 연결(touching)하고 있습니다.
       ClCompile:
         모든 출력이 최신 상태입니다.
       ManifestResourceCompile:
         모든 출력이 최신 상태입니다.
       Link:
         C:\Program Files (x86)\Microsoft Visual Studio 10.0\VC\bin\link.exe /ERRORREPORT:PROMPT /OUT:"c:\users\82109\documents\visual studio 2010\Projects\brain\Debug\brain.exe" /INCREMENTAL /NOLOGO kernel32.lib user32.lib gdi32.lib winspool.lib comdlg32.lib advapi32.lib shell32.lib ole32.lib oleaut32.lib uuid.lib odbc32.lib odbccp32.lib /MANIFEST /ManifestFile:"Debug\brain.exe.intermediate.manifest" /MANIFESTUAC:"level='asInvoker' uiAccess='false'" /DEBUG /PDB:"c:\users\82109\documents\visual studio 2010\Projects\brain\Debug\brain.pdb" /SUBSYSTEM:WINDOWS /TLBID:1 /DYNAMICBASE /NXCOMPAT /IMPLIB:"c:\users\82109\documents\visual studio 2010\Projects\brain\Debug\brain.lib" /MACHINE:X86 Debug\brain.exe.embed.manifest.res
         Debug\fact.obj
         Debug\hanoi.obj
         Debug\facts.obj
     1>hanoi.obj : error LNK2005: _main이(가) fact.obj에 이미 정의되어 있습니다.
     1>facts.obj : error LNK2005: _main이(가) fact.obj에 이미 정의되어 있습니다.
     1>facts.obj : error LNK2005: "long __cdecl fact(int)" (?fact@@YAJH@Z)이(가) fact.obj에 이미 정의되어 있습니다.
     1>MSVCRTD.lib(crtexew.obj) : error LNK2019: _WinMain@16 외부 기호(참조 위치: ___tmainCRTStartup 함수)에서 확인하지 못했습니다.
     1>c:\users\82109\documents\visual studio 2010\Projects\brain\Debug\brain.exe : fatal error LNK1120: 1개의 확인할 수 없는 외부 참조입니다.
     1>"c:\Users\82109\documents\visual studio 2010\Projects\brain\brain\brain.vcxproj" 프로젝트를 빌드했습니다(build 대상). - 실패

빌드하지 못했습니다.

경과 시간: 00:00:00.67
